

Processing HomeController#index (for 127.0.0.1 at 2011-03-15 17:43:39) [GET]
Rendering home/index
Completed in 70ms (View: 69 | 200 OK [http://localhost/]


Processing HomeController#index (for 127.0.0.1 at 2011-03-15 18:48:45) [GET]
Rendering home/index
Completed in 2ms (View: 1 | 200 OK [http://localhost/]


Processing HomeController#index (for 127.0.0.1 at 2011-03-15 18:48:48) [GET]
Rendering home/index
Completed in 2ms (View: 1 | 200 OK [http://localhost/]


Processing HomeController#index (for 127.0.0.1 at 2011-03-15 18:49:16) [GET]
Rendering home/index
Completed in 76ms (View: 75 | 200 OK [http://localhost/]


Processing HomeController#index (for 127.0.0.1 at 2011-03-15 18:49:21) [GET]
Rendering home/index
Completed in 2ms (View: 1 | 200 OK [http://localhost/]


Processing HomeController#index (for 127.0.0.1 at 2011-03-15 18:52:20) [GET]
Rendering home/index
Completed in 44ms (View: 42 | 200 OK [http://localhost/]


Processing HomeController#index (for 127.0.0.1 at 2011-03-15 18:52:32) [GET]
Rendering home/index
Completed in 2ms (View: 0 | 200 OK [http://localhost/]


Processing HomeController#index (for 127.0.0.1 at 2011-03-15 18:52:36) [GET]
Rendering home/index
Completed in 6ms (View: 1 | 200 OK [http://localhost/]


Processing HomeController#index (for 127.0.0.1 at 2011-03-15 18:52:38) [GET]
Rendering home/index
Completed in 3ms (View: 1 | 200 OK [http://localhost/]


Processing HomeController#index (for 127.0.0.1 at 2011-03-15 18:52:39) [GET]
Rendering home/index
Completed in 2ms (View: 0 | 200 OK [http://localhost/]


Processing HomeController#index (for 127.0.0.1 at 2011-03-15 18:52:39) [GET]
Rendering home/index
Completed in 2ms (View: 1 | 200 OK [http://localhost/]


Processing HomeController#index (for 127.0.0.1 at 2011-03-15 18:52:39) [GET]
Rendering home/index
Completed in 2ms (View: 0 | 200 OK [http://localhost/]


Processing HomeController#index (for 127.0.0.1 at 2011-03-15 18:52:39) [GET]
Rendering home/index
Completed in 2ms (View: 1 | 200 OK [http://localhost/]


Processing HomeController#index (for 127.0.0.1 at 2011-03-15 18:52:40) [GET]
Rendering home/index
Completed in 2ms (View: 1 | 200 OK [http://localhost/]


Processing HomeController#index (for 127.0.0.1 at 2011-03-15 18:52:40) [GET]
Rendering home/index
Completed in 2ms (View: 1 | 200 OK [http://localhost/]


Processing HomeController#index (for 127.0.0.1 at 2011-03-15 18:52:40) [GET]
Rendering home/index
Completed in 2ms (View: 0 | 200 OK [http://localhost/]


Processing HomeController#index (for 127.0.0.1 at 2011-03-15 18:52:40) [GET]
Rendering home/index
Completed in 2ms (View: 1 | 200 OK [http://localhost/]


Processing HomeController#index (for 127.0.0.1 at 2011-03-15 18:52:40) [GET]
Rendering home/index
Completed in 2ms (View: 1 | 200 OK [http://localhost/]


Processing HomeController#index (for 127.0.0.1 at 2011-03-15 18:52:41) [GET]
Rendering home/index
Completed in 2ms (View: 1 | 200 OK [http://localhost/]


Processing HomeController#index (for 127.0.0.1 at 2011-03-15 18:52:41) [GET]
Rendering home/index
Completed in 2ms (View: 1 | 200 OK [http://localhost/]


Processing HomeController#index (for 127.0.0.1 at 2011-03-15 18:52:45) [GET]
Rendering home/index
Completed in 4ms (View: 1 | 200 OK [http://localhost/]


Processing HomeController#index (for 127.0.0.1 at 2011-03-15 18:52:45) [GET]
Rendering home/index
Completed in 41ms (View: 1 | 200 OK [http://localhost/]


Processing HomeController#index (for 127.0.0.1 at 2011-03-15 18:52:45) [GET]
Rendering home/index
Completed in 3ms (View: 1 | 200 OK [http://localhost/]


Processing HomeController#index (for 127.0.0.1 at 2011-03-15 18:52:45) [GET]
Rendering home/index
Completed in 2ms (View: 1 | 200 OK [http://localhost/]


Processing HomeController#index (for 127.0.0.1 at 2011-03-15 18:53:12) [GET]
Rendering home/index
Completed in 2ms (View: 1 | 200 OK [http://localhost/]


Processing HomeController#index (for 127.0.0.1 at 2011-03-15 18:53:12) [GET]
Rendering home/index
Completed in 2ms (View: 0 | 200 OK [http://localhost/]


Processing HomeController#index (for 127.0.0.1 at 2011-03-15 18:53:12) [GET]
Rendering home/index
Completed in 2ms (View: 1 | 200 OK [http://localhost/]


Processing HomeController#index (for 127.0.0.1 at 2011-03-15 18:53:12) [GET]
Rendering home/index
Completed in 2ms (View: 1 | 200 OK [http://localhost/]


Processing HomeController#index (for 127.0.0.1 at 2011-03-15 18:54:18) [GET]
Rendering home/index
Completed in 2ms (View: 1 | 200 OK [http://localhost/]


Processing HomeController#index (for 127.0.0.1 at 2011-03-15 18:54:55) [GET]
Rendering home/index
Completed in 2ms (View: 1 | 200 OK [http://localhost/]


Processing HomeController#index (for 127.0.0.1 at 2011-03-15 18:55:00) [GET]
Rendering home/index
Completed in 2ms (View: 0 | 200 OK [http://localhost/]


Processing HomeController#index (for 127.0.0.1 at 2011-03-15 18:55:02) [GET]
Rendering home/index
Completed in 2ms (View: 1 | 200 OK [http://localhost/]


Processing HomeController#index (for 127.0.0.1 at 2011-03-15 18:55:03) [GET]
Rendering home/index
Completed in 2ms (View: 1 | 200 OK [http://localhost/]


Processing HomeController#index (for 127.0.0.1 at 2011-03-15 18:55:04) [GET]
Rendering home/index
Completed in 2ms (View: 1 | 200 OK [http://localhost/]


Processing HomeController#index (for 127.0.0.1 at 2011-03-15 18:57:41) [GET]
Rendering home/index
Completed in 2ms (View: 0 | 200 OK [http://localhost/]


Processing HomeController#index (for 127.0.0.1 at 2011-03-15 18:58:03) [GET]
Rendering home/index
Completed in 2ms (View: 1 | 200 OK [http://localhost/]


Processing HomeController#index (for 127.0.0.1 at 2011-03-15 18:58:42) [GET]
Rendering home/index
Completed in 40ms (View: 39 | 200 OK [http://localhost/]


Processing HomeController#index (for 127.0.0.1 at 2011-03-15 18:58:43) [GET]
Rendering home/index
Completed in 2ms (View: 1 | 200 OK [http://localhost/]


Processing HomeController#index (for 127.0.0.1 at 2011-03-15 18:58:44) [GET]
Rendering home/index
Completed in 2ms (View: 1 | 200 OK [http://localhost/]


Processing HomeController#index (for 127.0.0.1 at 2011-03-15 19:00:00) [GET]
Rendering home/index
Completed in 1ms (View: 0 | 200 OK [http://localhost/]


Processing HomeController#index (for 127.0.0.1 at 2011-03-15 19:00:03) [GET]
Rendering home/index
Completed in 2ms (View: 1 | 200 OK [http://localhost/]


Processing HomeController#index (for 127.0.0.1 at 2011-03-15 19:00:03) [GET]
Rendering home/index
Completed in 2ms (View: 1 | 200 OK [http://localhost/]


Processing HomeController#index (for 127.0.0.1 at 2011-03-15 19:00:04) [GET]
Rendering home/index
Completed in 2ms (View: 1 | 200 OK [http://localhost/]


Processing HomeController#index (for 127.0.0.1 at 2011-03-15 19:00:04) [GET]
Rendering home/index
Completed in 2ms (View: 1 | 200 OK [http://localhost/]


Processing HomeController#index (for 127.0.0.1 at 2011-03-15 19:00:05) [GET]
Rendering home/index
Completed in 2ms (View: 0 | 200 OK [http://localhost/]


Processing HomeController#index (for 127.0.0.1 at 2011-03-15 19:00:05) [GET]
Rendering home/index
Completed in 1ms (View: 0 | 200 OK [http://localhost/]


Processing HomeController#index (for 127.0.0.1 at 2011-03-15 19:00:06) [GET]
Rendering home/index
Completed in 2ms (View: 1 | 200 OK [http://localhost/]


Processing HomeController#index (for 127.0.0.1 at 2011-03-15 19:00:07) [GET]
Rendering home/index
Completed in 2ms (View: 1 | 200 OK [http://localhost/]


Processing HomeController#index (for 127.0.0.1 at 2011-03-15 19:00:07) [GET]
Rendering home/index
Completed in 2ms (View: 1 | 200 OK [http://localhost/]


Processing HomeController#index (for 127.0.0.1 at 2011-03-15 19:00:07) [GET]
Rendering home/index
Completed in 2ms (View: 0 | 200 OK [http://localhost/]


Processing HomeController#index (for 127.0.0.1 at 2011-03-15 19:00:08) [GET]
Rendering home/index
Completed in 2ms (View: 1 | 200 OK [http://localhost/]


Processing HomeController#index (for 127.0.0.1 at 2011-03-15 19:00:08) [GET]
Rendering home/index
Completed in 2ms (View: 1 | 200 OK [http://localhost/]


Processing HomeController#index (for 127.0.0.1 at 2011-03-15 19:00:21) [GET]
Rendering home/index
Completed in 40ms (View: 1 | 200 OK [http://localhost/]


Processing HomeController#index (for 127.0.0.1 at 2011-03-15 19:01:34) [GET]
Rendering home/index
Completed in 41ms (View: 39 | 200 OK [http://localhost/]


Processing HomeController#index (for 127.0.0.1 at 2011-03-15 19:01:36) [GET]
Rendering home/index
Completed in 1ms (View: 0 | 200 OK [http://localhost/]


Processing HomeController#index (for 127.0.0.1 at 2011-03-15 19:01:39) [GET]
Rendering home/index
Completed in 1ms (View: 0 | 200 OK [http://localhost/]


Processing HomeController#index (for 127.0.0.1 at 2011-03-15 19:01:39) [GET]
Rendering home/index
Completed in 1ms (View: 0 | 200 OK [http://localhost/]


Processing HomeController#index (for 127.0.0.1 at 2011-03-15 19:01:39) [GET]
Rendering home/index
Completed in 2ms (View: 0 | 200 OK [http://localhost/]


Processing HomeController#index (for 127.0.0.1 at 2011-03-15 19:01:39) [GET]
Rendering home/index
Completed in 1ms (View: 0 | 200 OK [http://localhost/]


Processing HomeController#index (for 127.0.0.1 at 2011-03-15 19:01:39) [GET]
Rendering home/index
Completed in 1ms (View: 0 | 200 OK [http://localhost/]


Processing HomeController#index (for 127.0.0.1 at 2011-03-15 19:01:46) [GET]
Rendering home/index
Completed in 2ms (View: 1 | 200 OK [http://localhost/home/index]


Processing HomeController#index (for 127.0.0.1 at 2011-03-15 19:02:04) [GET]
Rendering home/index
Completed in 41ms (View: 40 | 200 OK [http://localhost/home/index]


Processing HomeController#index (for 127.0.0.1 at 2011-03-15 19:02:27) [GET]
Rendering home/index
Completed in 5ms (View: 4 | 200 OK [http://localhost/home/index]


Processing HomeController#index (for 127.0.0.1 at 2011-03-15 19:02:34) [GET]
Rendering home/index

ActionView::TemplateError (undefined method `link_to_tag' for #<ActionView::Base:0x10236a6c0>) on line #2 of app/views/home/index.html.erb:
1: <h1>Robotics Scheduler</h1>
2:  <%= link_to_tag "Click here to add some records", :controller => "scheduler", :action => "new" %>
3:   <%=link_to "Profile", :controller => "profiles", :action => "show"%>

    app/views/home/index.html.erb:2

Rendered rescues/_trace (34.6ms)
Rendered rescues/_request_and_response (2.5ms)
Rendering rescues/layout (internal_server_error)


Processing HomeController#index (for 127.0.0.1 at 2011-03-15 19:03:22) [GET]
Rendering home/index

ActionView::TemplateError (undefined method `link_to_tag' for #<ActionView::Base:0x101f22428>) on line #4 of app/views/home/index.html.erb:
1: <h1>Robotics Scheduler</h1>
2: 
3: <p>
4:   <%= link_to_tag "Click here to add some records", :controller => "scheduler", :action => "new" %>
5: </p>

    app/views/home/index.html.erb:4

Rendered rescues/_trace (34.7ms)
Rendered rescues/_request_and_response (0.2ms)
Rendering rescues/layout (internal_server_error)


Processing HomeController#index (for 127.0.0.1 at 2011-03-15 19:03:39) [GET]
Rendering home/index
Completed in 38ms (View: 37 | 200 OK [http://localhost/home/index]


Processing SchedulerController#new (for 127.0.0.1 at 2011-03-15 19:03:44) [GET]
Rendering scheduler/new
Completed in 18ms (View: 17 | 200 OK [http://localhost/scheduler/new]


Processing HomeController#index (for 127.0.0.1 at 2011-03-15 19:28:05) [GET]
Rendering home/index
Completed in 2ms (View: 1 | 200 OK [http://localhost/home/index]


Processing SchedulerController#new (for 127.0.0.1 at 2011-03-15 19:28:06) [GET]
Rendering scheduler/new
Completed in 2ms (View: 1 | 200 OK [http://localhost/scheduler/new]


Processing SchedulerController#new (for 127.0.0.1 at 2011-03-15 19:28:22) [GET]

NoMethodError (undefined method `new?' for #<ActionController::Request:0x101ed3918>):
  app/controllers/scheduler_controller.rb:3:in `new'

Rendered rescues/_trace (79.6ms)
Rendered rescues/_request_and_response (0.3ms)
Rendering rescues/layout (internal_server_error)


Processing SchedulerController#new (for 127.0.0.1 at 2011-03-15 19:28:45) [GET]

NameError (uninitialized constant SchedulerController::Scheduler):
  app/controllers/scheduler_controller.rb:4:in `new'
  app/controllers/scheduler_controller.rb:4:in `initialize'
  app/controllers/scheduler_controller.rb:4:in `new'
  app/controllers/scheduler_controller.rb:4:in `new'

Rendered rescues/_trace (29.0ms)
Rendered rescues/_request_and_response (0.2ms)
Rendering rescues/layout (internal_server_error)
